0.093887805938721	2020-03-15	18:52:12	Sample Font	Regular	Please type your Quick Brown Fox to view this lovely TypeShow.	Green & Gray
0.021960973739624	2020-03-15	18:52:35	Sample Font	Regular	Please type your Quick Brown Fox to view this lovely TypeShow.	Green & Gray
0.021712064743042	2020-03-15	18:52:51	Sample Font	Regular	Please type your quick brown fox.	Green & Gray
0.020946025848389	2020-03-15	18:52:55	Sample Font	Regular	this is a test	Green & Gray
0.025279998779297	2020-03-15	18:53:11	Sample Font	Regular	Please type your Quick Brown Fox to view this lovely TypeShow.	Green & Gray
0.02211594581604	2020-03-15	18:53:20	Sample Font	Regular	Please type your Quick Brown Fox to view this lovely TypeShow.	Green & Gray
0.013780117034912	2020-03-15	18:57:48	Sample Font	Regular	Vogel Quax zwickt Johnys Pferd Bim.	Green & Gray
0.026189088821411	2020-03-15	18:57:52	Regulator	Bold	Vogel Quax zwickt Johnys Pferd Bim.	Green & Gray
0.019845008850098	2020-03-15	18:58:02	Regulator	Bold	Hello you :heart:	Green & Gray
0.016872882843018	2020-03-15	19:00:03	Sample Font	Regular	Vogel Quax zwickt Johnys Pferd Bim.	Green & Gray
0.015841007232666	2020-03-15	19:00:10	Regulator	Bold	Vogel Quax zwickt Johnys Pferd Bim.	Green & Gray
0.015136003494263	2020-03-15	19:01:53	Sample Font	Regular	Zweedse ex-vips geven behoorlijk quantumfysica.	Green & Gray
0.017911911010742	2020-03-15	19:01:57	Sample Font	Regular	Vogel Quax zwickt Johnys Pferd Bim.	Green & Gray
0.015064001083374	2020-03-15	19:02:00	Regulator	Bold	Vogel Quax zwickt Johnys Pferd Bim.	Green & Gray
0.020206928253174	2020-03-15	19:02:28	Sample Font	Regular	Please type your quick brown fox.	Green & Gray
0.01422905921936	2020-03-15	19:02:31	Regulator Bold Italic	Bold Italic	Please type your quick brown fox.	Green & Gray
0.014519214630127	2020-03-15	19:04:54	Sample Font	Regular	Please type your quick brown fox.	Green & Gray
0.016492128372192	2020-03-15	19:04:57	Regulator Bold Italic	Bold Italic	Please type your quick brown fox.	Green & Gray
0.018054008483887	2020-03-15	19:05:38	Sample Font	Regular	Please type your quick brown fox.	Green & Gray
0.016358137130737	2020-03-15	19:05:41	Regulator Bold Italic 2	Bold Italic 2	Please type your quick brown fox.	Green & Gray
0.020869970321655	2020-03-15	19:05:47	Regulator Bold Italic	Bold Italic	Please type your quick brown fox.	Green & Gray
0.016323804855347	2020-03-15	19:06:08	Sample Font	Regular	Zweedse ex-vips geven behoorlijk quantumfysica.	Green & Gray
0.016720056533813	2020-03-15	19:09:32	Sample Font	Regular	Zweedse ex-vips geven behoorlijk quantumfysica.	Green & Gray
0.016549110412598	2020-03-15	19:09:37	Regulator Bold	Bold	Zweedse ex-vips geven behoorlijk quantumfysica.	Green & Gray
0.016412973403931	2020-03-15	19:09:40	Regulator Bold Italic	Bold Italic	Zweedse ex-vips geven behoorlijk quantumfysica.	Green & Gray
0.014434814453125	2020-03-15	19:09:43	Sample Font	Regular	Zweedse ex-vips geven behoorlijk quantumfysica.	Green & Gray
0.01642894744873	2020-03-15	19:09:45	Regulator Bold	Bold	Zweedse ex-vips geven behoorlijk quantumfysica.	Green & Gray
0.017542123794556	2020-03-15	19:09:50	Regulator Bold Italic	Bold Italic	Zweedse ex-vips geven behoorlijk quantumfysica.	Green & Gray
0.020037889480591	2020-03-15	19:11:35	undefined	null	Vogel Quax zwickt Johnys Pferd Bim.	Green & Gray
0.017487049102783	2020-03-15	19:11:52	undefined	null	Vogel Quax zwickt Johnys Pferd Bim.	Green & Gray
0.016110897064209	2020-03-15	19:12:14	undefined	null	Please type your quick brown fox.	Green & Gray
0.018461942672729	2020-03-15	19:13:00	undefined	null	Zweedse ex-vips geven behoorlijk quantumfysica.	Green & Gray
0.015011072158813	2020-03-15	19:13:18	undefined	null	Zweedse ex-vips geven behoorlijk quantumfysica.	Green & Gray
0.017642974853516	2020-03-15	19:13:50	undefined	null	Vogel Quax zwickt Johnys Pferd Bim.	Green & Gray
0.017464876174927	2020-03-15	19:14:08	undefined	null	Zweedse ex-vips geven behoorlijk quantumfysica.	Green & Gray
0.013381004333496	2020-03-15	19:14:51	undefined	null	Vogel Quax zwickt Johnys Pferd Bim.	Green & Gray
0.015822172164917	2020-03-15	19:14:53	undefined	null	Vogel Quax zwickt Johnys Pferd Bim.	Green & Gray
0.020535945892334	2020-03-15	19:15:02	undefined	null	Please type your quick brown fox.	Green & Gray
0.016845941543579	2020-03-15	19:15:29	undefined	null	Vogel Quax zwickt Johnys Pferd Bim.	Green & Gray
0.016071796417236	2020-03-15	19:15:43	undefined	null	Zweedse ex-vips geven behoorlijk quantumfysica.	Green & Gray
0.018179893493652	2020-03-15	19:18:25	Regulator Bold	null	Vogel Quax zwickt Johnys Pferd Bim.	Green & Gray
0.022027969360352	2020-03-15	19:18:30	Regulator Bold Italic	Bold Italic	Vogel Quax zwickt Johnys Pferd Bim.	Green & Gray
0.016382217407227	2020-03-15	19:18:32	Regulator Bold	Bold	Vogel Quax zwickt Johnys Pferd Bim.	Green & Gray
0.015657901763916	2020-03-15	19:18:35	Regulator Bold	null	Please type your quick brown fox.	Green & Gray
0.018058061599731	2020-03-15	19:18:48	Regulator Bold Italic	Bold Italic	Please type your quick brown fox.	Green & Gray
0.02223801612854	2020-03-15	19:18:51	Regulator Bold	Bold	Please type your quick brown fox.	Green & Gray
0.018770933151245	2020-03-15	19:18:53	Regulator Bold	null	Please type your quick brown fox.	Green & Gray
0.013950109481812	2020-03-15	19:20:44	Regulator Bold	null	Zweedse ex-vips geven behoorlijk quantumfysica.	Green & Gray
0.017537832260132	2020-03-15	19:21:05	Regulator Bold	null	Vogel Quax zwickt Johnys Pferd Bim.	Green & Gray
0.018092155456543	2020-03-15	19:21:26	Regulator Bold	null	Vogel Quax zwickt Johnys Pferd Bim.	Green & Gray
0.019593000411987	2020-03-15	19:22:00	Regulator Bold	null	Vogel Quax zwickt Johnys Pferd Bim.	Green & Gray
0.016494989395142	2020-03-15	19:23:09	Regulator Bold	null	Zweedse ex-vips geven behoorlijk quantumfysica.	Green & Gray
0.017666101455688	2020-03-15	19:23:34	Regulator Bold	null	Vogel Quax zwickt Johnys Pferd Bim.	Green & Gray
0.017724990844727	2020-03-15	19:23:36	Regulator Bold Italic	Bold Italic	Vogel Quax zwickt Johnys Pferd Bim.	Green & Gray
0.018265008926392	2020-03-15	19:26:55	Regulator Bold	null	Please type your quick brown fox.	Green & Gray
0.023339033126831	2020-03-15	19:27:00	Regulator Bold	null	Zweedse ex-vips geven behoorlijk quantumfysica.	Green & Gray
0.016860008239746	2020-03-15	19:28:01	Regulator Bold	null	Vogel Quax zwickt Johnys Pferd Bim.	Green & Gray
0.016583919525146	2020-03-15	19:29:07	Regulator Bold	null	Please type your quick brown fox.	Green & Gray
0.018571138381958	2020-03-15	19:32:08	Regulator Bold	null	Please type your quick brown fox.	Green & Gray
0.018222093582153	2020-03-15	19:32:11	Regulator Bold	null	Vogel Quax zwickt Johnys Pferd Bim.	Green & Gray
0.016777992248535	2020-03-15	19:32:14	Regulator Bold	null	Zweedse ex-vips geven behoorlijk quantumfysica.	Green & Gray
0.017945051193237	2020-03-15	19:33:03	Regulator Bold	null	Please type your quick brown fox.	Green & Gray
0.015552997589111	2020-03-15	19:33:06	Regulator Bold Italic	null	Please type your quick brown fox.	Green & Gray
0.019825220108032	2020-03-15	19:33:12	Regulator Bold	null	Please type your quick brown fox.	Green & Gray
0.017982959747314	2020-03-15	19:33:14	Regulator Bold Italic	null	Please type your quick brown fox.	Green & Gray
0.014932870864868	2020-03-15	19:33:19	Regulator Bold	null	Please type your quick brown fox.	Green & Gray
0.015753984451294	2020-03-15	19:34:41	undefined	undefined	Vogel Quax zwickt Johnys Pferd Bim.	undefined
0.013104915618896	2020-03-15	19:34:46	undefined	undefined	Hello you!	undefined
0.013030052185059	2020-03-15	19:34:52	undefined	undefined	Zweedse ex-vips geven behoorlijk quantumfysica.	undefined
0.021758079528809	2020-03-15	19:35:23	Regulator Bold	null	Vogel Quax zwickt Johnys Pferd Bim.	Green & Gray
0.020034074783325	2020-03-15	19:47:31	Regulator Bold	null	Zweedse ex-vips geven behoorlijk quantumfysica.	Green & Gray
0.016651153564453	2020-03-15	19:47:40	Regulator Bold	null	Well there you go!	Green & Gray
0.016354084014893	2020-03-15	19:47:47	Regulator Bold	null	Well there you go	Green & Gray
0.01685905456543	2020-03-15	19:47:51	Regulator Bold	null	Well there you go!	Green & Gray
0.018582105636597	2020-03-15	19:48:34	Regulator Bold	null	Vogel Quax zwickt Johnys Pferd Bim.	Green & Gray
0.019386053085327	2020-03-15	19:48:44	Regulator Bold	null	Vogel Quax zwickt Johnys Pferd Bim.	Green & Gray
0.019170045852661	2020-03-15	21:31:10	Regulator Bold	null	Please type your quick brown fox.	Green & Gray
0.016965866088867	2020-03-15	21:31:17	Regulator Bold	null	hello	Green & Gray
0.02056097984314	2020-03-15	21:31:53	Regulator Bold	null	Hello you!	Green & Gray
0.02159595489502	2020-03-15	21:32:02	Regulator Bold	null	Vogel Quax zwickt Johnys Pferd Bim.	Green & Gray
0.041203022003174	2020-03-20	21:59:05	Regulator Bold	null	Vogel Quax zwickt Johnys Pferd Bim.	Green & Gray
0.018768072128296	2020-03-20	21:59:09	Regulator Bold	null	Zweedse ex-vips geven behoorlijk quantumfysica.	Green & Gray
0.022441148757935	2020-03-20	21:59:22	Regulator Bold	null	Test	Green & Gray
0.021036863327026	2020-03-20	21:59:25	Regulator Bold	null	Vogel Quax zwickt Johnys Pferd Bim.	Green & Gray
0.019263029098511	2020-03-20	21:59:28	Regulator Bold	null	TEST	Green & Gray
0.015299081802368	2020-03-20	21:59:38	Regulator Bold	null	Hello World	Green & Gray
0.018939018249512	2020-03-20	22:00:11	Regulator Bold	null	Vogel Quax zwickt Johnys Pferd Bim.	Green & Gray
0.016052007675171	2020-03-20	22:00:13	Regulator Bold	null	Vogel Quax zwickt Johnys Pferd Bim.	Green & Gray
0.018011093139648	2020-03-20	22:01:05	Regulator Bold	null	Please type your quick brown fox.	Green & Gray
0.02015209197998	2020-03-20	22:01:22	Regulator Bold	null	Vogel Quax zwickt Johnys Pferd Bim.	Green & Gray
0.018862962722778	2020-03-20	22:01:25	Regulator Bold	null	Vogel Quax zwickt Johnys Pferd Bim.	Green & Gray
0.015115976333618	2020-03-20	22:01:34	Regulator Bold	null	Vogel Quax zwickt Johnys Pferd Bim.	Green & Gray
0.017879009246826	2020-03-20	22:01:47	Regulator Bold	null	Please type your quick brown fox.	Green & Gray
0.022239208221436	2020-03-20	22:01:51	Regulator Bold	null	Zweedse ex-vips geven behoorlijk quantumfysica.	Green & Gray
0.017611980438232	2020-03-20	22:02:06	Regulator Bold	null	Vogel Quax zwickt Johnys Pferd Bim.	Green & Gray
0.041798830032349	2020-03-20	22:02:34	Regulator Bold	null	Please type your quick brown fox.	Green & Gray
0.021692991256714	2020-03-20	22:02:48	Regulator Bold	null	Zweedse ex-vips geven behoorlijk quantumfysica.	Green & Gray
0.020111083984375	2020-03-20	22:02:58	Regulator Bold	null	Vogel Quax zwickt Johnys Pferd Bim.	Green & Gray
0.036545991897583	2020-04-13	15:51:49	Regulator Bold	null	Zweedse ex-vips geven behoorlijk quantumfysica.	Green & Gray
0.017987966537476	2020-04-13	15:53:43	Regulator Bold	null	Please type your quick brown fox.	undefined
0.01513409614563	2020-04-13	15:55:31	Regulator Bold	null	Zweedse ex-vips geven behoorlijk quantumfysica.	undefined
0.017398118972778	2020-04-13	15:55:37	Regulator Bold	null	Vogel Quax zwickt Johnys Pferd Bim.	undefined
0.01872992515564	2020-04-13	15:56:01	Regulator Bold	null	Vogel Quax zwickt Johnys Pferd Bim.	undefined
0.016207933425903	2020-04-13	15:56:20	Regulator Bold	null	Zweedse ex-vips geven behoorlijk quantumfysica.	undefined
0.019508838653564	2020-04-13	15:56:33	Regulator Bold	null	Vogel Quax zwickt Johnys Pferd Bim.	undefined
0.031381130218506	2020-04-13	15:56:56	Regulator Bold 2	Italic	Vogel Quax zwickt Johnys Pferd Bim.	undefined
0.017110109329224	2020-04-13	15:57:21	Regulator Bold	null	Zweedse ex-vips geven behoorlijk quantumfysica.	undefined
0.020177125930786	2020-04-13	15:57:41	Regulator Bold	Bold	Zweedse ex-vips geven behoorlijk quantumfysica.	undefined
0.017913103103638	2020-04-13	15:58:15	Regulator Bold	null	Vogel Quax zwickt Johnys Pferd Bim.	undefined
0.015182971954346	2020-04-13	15:59:33	Regulator Bold	null	Zweedse ex-vips geven behoorlijk quantumfysica.	undefined
0.014533996582031	2020-04-13	15:59:44	Regulator Bold	null	Please type your quick brown fox.	undefined
0.015383005142212	2020-04-13	15:59:55	Regulator Bold	null	Please type your quick brown fox.	undefined
0.012479066848755	2020-04-13	16:00:14	Regulator Bold	Bold	Vogel Quax zwickt Johnys Pferd Bim.	undefined
0.016948938369751	2020-04-13	16:12:54	Regulator Bold Italic	null	Zweedse ex-vips geven behoorlijk quantumfysica.	undefined
0.013436794281006	2020-04-13	16:13:08	Regulator Bold Italic	null	Zweedse ex-vips geven behoorlijk quantumfysica.	undefined
0.020236968994141	2020-04-13	16:13:35	Regulator Bold Italic	null	Vogel Quax zwickt Johnys Pferd Bim.	undefined
0.014886140823364	2020-04-13	16:13:54	Regulator Bold Italic	null	Zweedse ex-vips geven behoorlijk quantumfysica.	undefined
0.013987064361572	2020-04-13	16:14:33	Regulator Bold Italic	null	Vogel Quax zwickt Johnys Pferd Bim.	undefined
0.014327764511108	2020-04-13	16:14:47	Regulator Bold Italic	null	Please type your quick brown fox.	undefined
0.013769149780273	2020-04-13	16:15:08	Regulator Bold	Bold	Please type your quick brown fox.	undefined
0.012428998947144	2020-04-13	16:15:10	Regulator Bold Italic	Bold Italic	Please type your quick brown fox.	undefined
0.015437841415405	2020-04-13	16:15:37	Regulator Bold Italic	null	Zweedse ex-vips geven behoorlijk quantumfysica.	undefined
0.013576030731201	2020-04-13	16:15:51	Regulator Bold	Bold	Zweedse ex-vips geven behoorlijk quantumfysica.	undefined
0.016569137573242	2020-04-13	16:15:52	Regulator Bold Italic	null	Vogel Quax zwickt Johnys Pferd Bim.	undefined
0.014793157577515	2020-04-13	16:17:33	Regulator Bold Italic	null	Please type your quick brown fox.	undefined
0.011605024337769	2020-04-13	16:17:39	Regulator Bold Italic	null	Vogel Quax zwickt Johnys Pferd Bim.	undefined
0.012529850006104	2020-04-13	16:18:08	Regulator Bold Italic	null	Vogel Quax zwickt Johnys Pferd Bim.	undefined
0.013305902481079	2020-04-13	16:18:11	Regulator Bold Italic	null	Vogel Quax zwickt Johnys Pferd Bim.	undefined
0.013705968856812	2020-04-13	16:18:18	Regulator Bold Italic	null	Vogel Quax zwickt Johnys Pferd Bim.	undefined
0.011519908905029	2020-04-13	16:18:21	Regulator Bold Italic	null	Please type your quick brown fox.	undefined
0.011780977249146	2020-04-13	16:18:39	Regulator Bold Italic	null	Please type your quick brown fox.	undefined
0.013071060180664	2020-04-13	16:18:42	Regulator Bold Italic	null	Vogel Quax zwickt Johnys Pferd Bim.	undefined
0.0124671459198	2020-04-13	16:18:45	Regulator Bold Italic	null	Please type your quick brown fox.	undefined
0.016517162322998	2020-04-13	16:18:59	Regulator Bold Italic	null	Zweedse ex-vips geven behoorlijk quantumfysica.	undefined
0.012850046157837	2020-04-13	16:20:59	Regulator Bold Italic	null	Please type your quick brown fox.	undefined
0.013693809509277	2020-04-13	16:21:21	Regulator Bold Italic	null	Zweedse ex-vips geven behoorlijk quantumfysica.	undefined
0.012005805969238	2020-04-13	16:21:27	Regulator Bold	Bold	Regulator Bold	undefined
0.013422966003418	2020-04-13	16:21:57	Regulator Bold	Bold	Regulator Bold	undefined
0.01553201675415	2020-04-13	16:22:05	Regulator Bold Italic	Bold Italic	Regulator Bold	undefined
0.012898921966553	2020-04-13	16:22:08	Regulator Bold	Bold	Regulator Bold	undefined
0.011705160140991	2020-04-13	16:22:11	Regulator Bold Italic	Bold Italic	Regulator Bold	undefined
0.014333009719849	2020-04-13	16:22:14	Regulator Bold	Bold	Regulator Bold	undefined
0.012094974517822	2020-04-13	16:22:18	Regulator Bold Italic	Bold Italic	Regulator Bold	undefined
0.014650106430054	2020-04-13	16:22:21	Regulator Bold	Bold	Regulator Bold	undefined
0.013327836990356	2020-04-13	16:22:25	Regulator Bold Italic	Bold Italic	Regulator Bold	undefined
0.01252007484436	2020-04-13	16:22:41	Regulator Bold	Bold	Regulator Bold	undefined
0.012256145477295	2020-04-13	16:23:32	Regulator Bold	Bold	Regulator Bold	undefined
0.012938022613525	2020-04-13	16:23:49	Regulator Bold	Bold	Regulator Bold	undefined
0.014166116714478	2020-04-13	16:23:53	Regulator Bold	Bold	Regulator Bold	undefined
0.016911029815674	2020-04-13	16:25:31	Regulator Bold	Bold	Regulator Bold	undefined
0.015637159347534	2020-04-13	16:25:50	Regulator Bold	Bold	Regulator Bold	undefined
0.012732028961182	2020-04-13	16:28:10	Regulator Bold	Bold	Regulator Bold	undefined
0.014827966690063	2020-04-13	16:28:18	Regulator Bold	Bold	Regulator Bold	undefined
0.016412973403931	2020-04-13	16:29:28	Regulator Bold	Bold	Regulator Bold	undefined
0.015223026275635	2020-04-13	16:29:38	Regulator Bold	Bold	Regulator Bold	undefined
0.016805171966553	2020-04-13	16:29:51	Regulator Bold	Bold	Regulator Bold	undefined
0.017129182815552	2020-04-13	16:31:52	Regulator Bold Italic	null	Zweedse ex-vips geven behoorlijk quantumfysica.	undefined
0.013004064559937	2020-04-13	16:31:55	Regulator Bold	Bold	Zweedse ex-vips geven behoorlijk quantumfysica.	undefined
0.014968872070312	2020-04-13	16:32:17	Regulator Bold Italic	null	Vogel Quax zwickt Johnys Pferd Bim.	undefined
0.013002872467041	2020-04-13	16:32:57	Regulator Bold	Bold	Regulator Bold	undefined
0.016324996948242	2020-04-13	16:33:26	Regulator Bold	Bold	Regulator Bold you	undefined
0.012762069702148	2020-04-13	16:33:40	Regulator Bold	Bold	Regulator Bold TEST	undefined
0.013983964920044	2020-04-13	16:34:38	Regulator Bold	Bold	Regulator Bold TEST	undefined
0.01521897315979	2020-04-13	16:35:12	Regulator Bold	Bold	Regulator Bold TEST	undefined
0.012566804885864	2020-04-13	16:35:30	Regulator Bold	Bold	Regulator Bold TEST	undefined
0.013617992401123	2020-04-13	16:35:35	Regulator Bold	Bold	Regulator Bold TEST	undefined
0.015531063079834	2020-04-13	16:36:02	Regulator Bold	Bold	undefined	undefined
0.018011093139648	2020-04-13	16:36:17	Regulator Bold	Bold	undefined	undefined
0.017162084579468	2020-04-13	16:36:50	Regulator Bold	Bold	undefined	undefined
0.014940023422241	2020-04-13	16:37:14	Regulator Bold	Bold	undefined	undefined
0.015222072601318	2020-04-13	16:37:46	Regulator Bold	Bold	undefined	undefined
0.013415098190308	2020-04-13	16:37:58	Regulator Bold	Bold	undefined	undefined
0.014396905899048	2020-04-13	16:38:23	Regulator Bold	Bold	undefined	undefined
0.013562202453613	2020-04-13	16:38:32	Regulator Bold	Bold	undefined	undefined
0.014877080917358	2020-04-13	16:39:14	Regulator Bold	Bold	Regulator Bold TEST	undefined
0.01673698425293	2020-04-13	16:39:19	Regulator Bold	Bold	Regulator Bold	undefined
0.011168956756592	2020-04-13	16:39:23	Regulator Bold	Bold	Regulator Bold TEST	undefined
0.017513036727905	2020-04-13	16:39:58	Regulator Bold	Bold	Regulator Bold Italic	undefined
0.019330978393555	2020-04-13	16:40:02	Regulator Bold Italic	Bold Italic	Regulator Bold Italic	undefined
0.014877080917358	2020-04-13	16:40:04	Regulator Bold	Bold	Regulator Bold Italic	undefined
0.019040107727051	2020-04-13	16:40:06	Regulator Bold Italic	Bold Italic	Regulator Bold Italic	undefined
0.019346952438354	2020-04-13	16:40:09	Regulator Bold	Bold	Regulator Bold Italic	undefined
0.015481948852539	2020-04-13	16:40:12	Regulator Bold Italic	Bold Italic	Regulator Bold Italic	undefined
0.018246173858643	2020-04-13	16:40:14	Regulator Bold	Bold	Regulator Bold Italic	undefined
0.015619039535522	2020-04-13	16:41:09	Regulator Bold	Bold	Regulator Bold TEST	undefined
0.01476001739502	2020-04-13	16:41:53	Regulator Bold	Bold	Regulator Bold TEST	undefined
0.016139984130859	2020-04-13	16:42:04	Regulator Bold Italic	null	Regulator Bold TEST	undefined
0.013391017913818	2020-04-13	16:43:14	Regulator Bold Italic	null	Regulator Bold TEST	undefined
0.012602090835571	2020-04-13	16:43:18	Regulator Bold Italic	null	Regulator Bold TEST	undefined
0.016185998916626	2020-04-13	16:43:29	Regulator Bold Italic	null	Regulator Bold TEST	undefined
0.012692928314209	2020-04-13	16:43:32	Regulator Bold Italic	null	Regulator Bold TEST	undefined
0.012915849685669	2020-04-13	16:45:50	Regulator Bold Italic	null	Regulator Bold TEST	undefined
0.015576124191284	2020-04-13	16:46:28	Regulator Bold Italic	null	Regulator Bold TEST	undefined
0.015921115875244	2020-04-13	16:46:54	Regulator Bold Italic	null	Regulator Bold TEST	undefined
0.013991117477417	2020-04-13	16:48:36	Regulator Bold Italic	null	Regulator Bold TEST	undefined
0.018955945968628	2020-04-13	16:48:44	Regulator Bold Italic	null	Regulator Bold TEST	undefined
0.013226985931396	2020-04-13	16:50:39	Regulator Bold Italic	null	Regulator Bold TEST	undefined
0.015089988708496	2020-04-13	16:50:57	Regulator Bold Italic	null	Regulator Bold TESTsgfdgsddsfgdsgfsdgfsdfgsdfgsdfgsdfgsdfgsdf	undefined
0.017337083816528	2020-04-13	16:51:05	Regulator Bold Italic	null	Regulator Bold yrd	undefined
0.014600992202759	2020-04-13	16:51:07	Regulator Bold Italic	null	Regulator Bold yrdf	undefined
0.014350891113281	2020-04-13	16:51:09	Regulator Bold Italic	null	Regulator Bold yrdfff	undefined
0.011954069137573	2020-04-13	16:51:10	Regulator Bold Italic	null	Regulator Bold yrdfffsdf	undefined
0.016544103622437	2020-04-13	16:51:11	Regulator Bold Italic	null	Regulator Bold yrdfffsdfsdfg	undefined
0.014524936676025	2020-04-13	16:51:12	Regulator Bold Italic	null	Regulator Bold yrdfffsdfsdfgsdgf	undefined
0.018024206161499	2020-04-13	16:51:14	Regulator Bold Italic	null	Regulator Bold yrdfffsdfsdfgsdgfsdfg	undefined
0.01357889175415	2020-04-13	16:51:16	Regulator Bold Italic	null	Regulator Bold yrdfffsdfsdfgsdgfsdfgsgfdgsdgsgfs	undefined
0.021255970001221	2020-04-13	16:51:19	Regulator Bold Italic	null	Regulator Bold TEST	undefined
0.013868093490601	2020-04-13	16:51:47	Regulator Bold Italic	null	Regulator Bold TEST	undefined
0.016011953353882	2020-04-13	16:51:52	Regulator Bold Italic	null	Regulator Bold TEST	undefined
0.011282205581665	2020-04-13	16:51:58	Regulator Bold Italic	null	Loading...	undefined
0.02332592010498	2020-04-13	16:54:46	Regulator Bold Italic	null	Loading...	Green & Gray
0.016077041625977	2020-04-13	16:54:50	Regulator Bold Italic	null	Loading...	Green & Gray
0.018054008483887	2020-04-13	16:54:54	Regulator Bold Italic	null	Loading...	Green & Gray
0.017154932022095	2020-04-13	16:55:08	Regulator Bold Italic	null	Loading...	Green & Gray
0.018093109130859	2020-04-13	16:56:14	Regulator Bold Italic	null	Loading...	Green & Gray
0.023468017578125	2020-04-13	16:56:19	Regulator Bold Italic	null	Loading...	Green & Gray
0.023128032684326	2020-04-13	16:56:37	Regulator Bold	Bold	Loading...	Green & Gray
0.015506982803345	2020-04-13	16:56:42	Regulator Bold Italic	Bold	Loading...	Green & Gray
0.016270160675049	2020-04-13	16:56:43	Regulator Bold Italic	Bold Italic	Loading...	Green & Gray
0.015766143798828	2020-04-13	16:56:45	Regulator Bold Italic	Bold	Loading...	Green & Gray
0.02090311050415	2020-04-13	16:57:17	Regulator Bold	Bold	Loading...	Green & Gray
0.014847040176392	2020-04-13	16:57:20	Regulator Bold	Bold Italic	Loading...	Green & Gray
0.016007900238037	2020-04-13	16:57:23	Regulator Bold	Bold	Loading...	Green & Gray
0.022753000259399	2020-04-13	16:57:38	Regulator Bold Italic	null	Loading...	Green & Gray
0.021235942840576	2020-04-13	16:57:57	Regulator Bold Italic	null	Loading...	Green & Gray
0.017800092697144	2020-04-13	16:58:15	Regulator Bold Italic	null	Loading...	Green & Gray
0.019099950790405	2020-04-13	21:18:41	Regulator Bold	undefined	dasf	Green & Gray
0.013581991195679	2020-04-13	21:18:47	Regulator Bold	undefined	dddd	Green & Gray
0.01456618309021	2020-04-13	21:18:50	Regulator Bold Italic	undefined	dddd	Green & Gray
0.015361070632935	2020-04-13	21:20:38	Regulator Bold	undefined	Loading...	Green & Gray
0.015152931213379	2020-04-13	21:20:43	Regulator Bold Italic	undefined	Loading...	Green & Gray
0.026756048202515	2020-04-13	21:20:44	Regulator Bold	undefined	Loading...	Green & Gray
0.015981912612915	2020-04-13	21:25:38	Regulator Bold	undefined	Loading...	Green & Gray
0.01698112487793	2020-04-13	21:29:26	Regulator Bold	undefined	Loading...	Green & Gray
0.018076181411743	2020-04-13	21:29:30	Regulator Bold	undefined	Loading...	Green & Gray
0.015914916992188	2020-04-13	21:29:34	Regulator Bold	undefined	Loading...	Green & Gray
0.017987012863159	2020-04-13	21:30:06	Regulator Bold	undefined	Loading...	Green & Gray
0.015744209289551	2020-04-13	21:30:10	Regulator Bold	undefined	s	Green & Gray
0.016517877578735	2020-04-13	21:30:12	Regulator Bold	undefined	sd	Green & Gray
0.014396905899048	2020-04-13	21:30:13	Regulator Bold	undefined	sdf	Green & Gray
0.01735782623291	2020-04-13	21:30:52	Regulator Bold	undefined	Loading...	Green & Gray
0.016482830047607	2020-04-13	21:30:58	Regulator Bold	undefined	Loading...	Green & Gray
0.014872074127197	2020-04-13	21:32:29	Regulator Bold Italic	null	Loading...	Default
0.013629913330078	2020-04-13	21:32:35	Regulator Bold	undefined	Loading...	Default
0.011353969573975	2020-04-13	21:32:39	Regulator Bold Italic	undefined	Loading...	Default
0.01541805267334	2020-04-13	21:32:40	Regulator Bold	undefined	Loading...	Default
0.015625	2020-04-13	21:34:03	Regulator Bold Italic	null	Loading...	Default
0.016499042510986	2020-04-13	21:34:06	Regulator Bold	Bold	Loading...	Default
0.015110969543457	2020-04-13	21:34:08	Regulator Bold	Bold Italic	Loading...	Default
0.014323949813843	2020-04-13	21:34:11	Regulator Bold	Bold	Loading...	Default
0.014701128005981	2020-04-13	21:34:14	Regulator Bold Italic	Bold Italic	Loading...	Default
0.016452074050903	2020-04-13	21:34:26	Regulator Bold Italic	null	Loading...	Default
0.026520967483521	2020-04-13	21:34:30	Regulator Bold Italic	null	Loading...	Default
0.016244888305664	2020-04-13	21:34:33	Regulator Bold Italic	null	Loading...	Default
0.017604112625122	2020-04-13	21:34:56	Regulator Bold Italic	null	Loading...	Default
0.020478010177612	2020-04-13	21:35:38	Regulator Bold Italic	null	Loading...	Default
0.021229028701782	2020-04-13	21:35:50	Regulator Bold Italic	null	Loading...	Default
0.013189077377319	2020-04-13	21:57:55	Regulator Bold Italic	null	Loading...	Default
0.011331081390381	2020-04-13	21:58:11	Regulator Bold	Bold	Loading...	Default
0.010836839675903	2020-04-13	21:58:12	Regulator Bold	Bold Italic	Loading...	Default
0.012722015380859	2020-04-13	21:58:17	Regulator Bold	Bold	Loading...	Default
0.011003017425537	2020-04-13	21:58:18	Regulator Bold	Bold Italic	Loading...	Default
0.021164894104004	2020-04-13	21:58:19	Regulator Bold Italic	Bold Italic	Loading...	Default
0.010731935501099	2020-04-13	21:58:22	Regulator Bold	Bold Italic	Loading...	Default
0.010580062866211	2020-04-13	21:58:25	Regulator Bold	Bold	Loading...	Default
0.011488914489746	2020-04-13	21:58:27	Regulator Bold	Bold Italic	Loading...	Default
0.010766983032227	2020-04-13	21:59:40	Regulator Bold Italic	null	Loading...	Default
0.010639905929565	2020-04-13	21:59:44	Regulator Bold	Bold	Loading...	Default
0.011007070541382	2020-04-13	21:59:46	Regulator Bold	Bold Italic	Loading...	Default
0.039832830429077	2020-04-13	23:16:29	Regulator Bold Italic	null	Loading...	Default
0.042174816131592	2020-04-13	23:16:50	Regulator Bold Italic	null	Loading...	Default
0.039767026901245	2020-04-13	23:19:12	Regulator Bold Italic	null	Loading...	Default
0.034631013870239	2020-04-13	23:20:40	Regulator Bold Italic	null	Loading...	Default
0.034934043884277	2020-04-13	23:22:10	Regulator Bold Italic	null	Loading...	Default
0.06383490562439	2020-04-14	12:27:26	Regulator Bold Italic	null	Loading...	Default
0.036149978637695	2020-04-14	13:21:58	Regulator Bold	null	Loading...	Default
0.038168907165527	2020-04-15	15:00:11	Regulator Bold	null	Loading...	Default
0.02501392364502	2020-04-15	15:00:39	Regulator Bold	null	Loading...	Default
0.024896144866943	2020-04-15	15:00:43	Regulator Bold	null	Loading...	Default
0.024415969848633	2020-04-15	15:00:50	Regulator Bold	null	Loading...	Default
0.026506185531616	2020-04-15	15:01:16	Regulator Bold	null	Loading...	Default
0.024307012557983	2020-04-15	15:01:58	Regulator Bold	null	Loading...	Default
0.024550914764404	2020-04-15	15:02:07	Regulator Bold	null	Loading...	Default
0.025161027908325	2020-04-15	15:02:41	Regulator Bold	null	hello	Default
0.025094985961914	2020-04-15	15:03:18	Regulator Bold	null	Yellow	Default
0.027282953262329	2020-04-15	15:03:22	Regulator Bold	null	Yellowt	Default
0.025471925735474	2020-04-15	15:03:26	Regulator Bold	null	Yellow this is a test!	Default
0.023818016052246	2020-04-15	15:06:47	Regulator Bold	null	Hello world!	Default
0.023658990859985	2020-04-15	15:07:08	Regulator Bold	null	Hello world!	Default
0.024763822555542	2020-04-15	15:09:21	Regulator Bold	null	Hello world!	Default
0.024962186813354	2020-04-15	15:09:46	Regulator Bold	null	Hello world!	Default
0.02406907081604	2020-04-15	15:10:13	Regulator Bold	null	Hello world!	Default
0.023759126663208	2020-04-15	15:12:28	Regulator Bold	null	Hello world!	Default
0.024415016174316	2020-04-15	15:15:45	Regulator Bold	null	Hello world!	Default
0.023527860641479	2020-04-15	15:27:49	Regulator Bold	null	Hello world!	Default
0.023496150970459	2020-04-15	15:28:20	Regulator Bold	null	Hello world!	Default
0.025040864944458	2020-04-15	15:28:26	Regulator Bold	null	Hello world!	Default
0.023565053939819	2020-04-15	15:28:43	Regulator Bold	null	Hello world!	Default
0.024070978164673	2020-04-15	15:28:48	Regulator Bold	null	Hello world!	Default
0.028114080429077	2020-04-15	15:29:36	Regulator Bold	null	Hello world!	Default
0.022807121276855	2020-04-15	15:30:38	Regulator Bold	null	Hello world!	Default
0.025150060653687	2020-04-15	15:31:00	Regulator Bold	null	Hello world!	Default
0.022925138473511	2020-04-15	15:49:59	Regulator Bold	null	Hello world!	Default
0.022797822952271	2020-04-15	15:50:33	Regulator Bold	null	Hello world!	Default
0.024070024490356	2020-04-15	15:50:37	Regulator Bold	null	Hello world!	Default
0.023825168609619	2020-04-15	15:56:37	Regulator Bold	null	Regulator-Bold.otf	Default
0.026144027709961	2020-04-15	15:57:45	Regulator Bold	null	Regulator-Bold.otf	Default
0.024730205535889	2020-04-15	15:59:51	Regulator Bold	null	Regulator-Bold.otf	Default
0.02911114692688	2020-04-15	16:06:55	Regulator Bold	null	Regulator-Bold.otf	Default
0.024802923202515	2020-04-15	16:07:03	Regulator Bold	null	Regulator-Bold.otf	Default
0.030010938644409	2020-04-15	16:07:17	Regulator Bold	null	Regulator Bold	Default
0.025633096694946	2020-04-15	16:07:50	Regulator Bold	null	Regulator Bold	Default
0.027880907058716	2020-04-15	16:10:03	Regulator Bold	null	Regulator Bold	Default
0.025628089904785	2020-04-15	16:10:46	Regulator Bold	null	Regulator Bold TEST	Default
0.030959844589233	2020-04-15	16:10:49	Regulator Bold	null	Regulator Bold	Default
0.027194023132324	2020-04-15	16:13:22	Regulator Bold	undefined	Regulator Bold	Default
0.028072118759155	2020-04-15	16:14:25	Regulator Bold	undefined	Regulator Bold	Default
0.027869939804077	2020-04-15	16:15:04	Regulator Bold	undefined	Regulator Bold	Default
0.026102066040039	2020-04-15	20:14:17	Regulator Bold	undefined	Regulator Bold	Default
0.024697065353394	2020-04-15	20:14:45	Regulator Bold	undefined	Regulator Bold	Default
0.031612873077393	2020-04-15	20:16:11	Regulator Bold Italic	null	Regulator Bold	Default
0.024349927902222	2020-04-15	20:16:18	Regulator Bold	Bold	Regulator Bold	Default
0.023790121078491	2020-04-15	20:16:24	Regulator Bold Italic	Bold Italic	Regulator Bold	Default
0.023510932922363	2020-04-15	20:16:27	Regulator Bold	Bold	Regulator Bold	Default
0.023684024810791	2020-04-15	20:16:34	Regulator Bold Italic	Bold Italic	Regulator Bold	Default
0.023506879806519	2020-04-15	20:16:37	Regulator Bold	Bold	Regulator Bold	Default
0.023929119110107	2020-04-15	20:16:50	Regulator Bold Italic	Bold Italic	Regulator Bold	Default
0.023931980133057	2020-04-15	20:16:53	Regulator Bold	Bold	Regulator Bold	Default
0.026460886001587	2020-04-15	20:22:19	Regulator Bold Italic	null	Regulator Bold	Default
0.02385401725769	2020-04-15	20:22:42	Regulator Bold Italic	null	Regulator Bold	Default
0.024329900741577	2020-04-15	20:22:48	Regulator Bold Italic	null	Regulator Bold	Default
0.024166822433472	2020-04-15	20:22:59	Regulator Bold Italic	null	Regulator Bold	Default
0.027966022491455	2020-04-15	20:24:21	Regulator Bold Italic	null	Regulator Bold	Default
0.025067090988159	2020-04-15	20:24:23	Regulator Bold Italic	null	Regulator Bold	Default
0.02803111076355	2020-04-15	20:25:47	Regulator Bold Italic	null	Regulator Bold	Default
0.028336048126221	2020-04-15	20:25:53	Regulator Bold Italic	null	Regulator Bold	Default
0.028433084487915	2020-04-15	20:26:06	Regulator Bold Italic	null	Regulator Bold	Default
0.029263973236084	2020-04-15	20:26:12	Regulator Bold Italic	null	Regulator Bold	Default
0.037254095077515	2020-04-15	20:26:19	Regulator Bold Italic	null	Regulator Bold	Default
0.034515142440796	2020-04-15	20:28:29	Regulator Bold Italic	null	Regulator Bold	Default
0.029457092285156	2020-04-15	20:28:32	Regulator Bold Italic	null	Regulator Bold	Default
0.025637865066528	2020-04-15	20:28:58	Regulator Bold Italic	null	Regulator Bold	Default
0.025816202163696	2020-04-15	20:29:07	Regulator Bold Italic	null	Regulator Bold	Default
0.032430171966553	2020-04-15	20:29:24	Regulator Bold Italic	null	Regulator Bold 	Default
0.028043985366821	2020-04-15	20:29:24	Regulator Bold Italic	null	Regul	Default
0.031551122665405	2020-04-15	20:29:27	Regulator Bold Italic	null	I am 	Default
0.028754949569702	2020-04-15	20:29:29	Regulator Bold Italic	null	I am just testing this	Default
0.026916027069092	2020-04-15	20:29:33	Regulator Bold Italic	null	I am just testing this out!	Default
0.026591062545776	2020-04-15	20:29:37	Regulator Bold Italic	null	Regulator Bold	Default
0.025876998901367	2020-04-15	20:30:11	Regulator Bold Italic	null	Regulator Bold	Default
0.02832293510437	2020-04-15	20:31:23	Regulator Bold Italic	null	Regulator Bold	Default
0.025448083877563	2020-04-15	20:31:27	Regulator Bold Italic	null	Regulator Bold	Default
0.041783809661865	2020-04-15	20:31:44	Regulator Bold Italic	null	Regulator Bold	Default
0.024658918380737	2020-04-15	20:31:47	Regulator Bold Italic	null	Regulator Bold	Default
0.029652118682861	2020-04-15	20:31:57	Regulator Bold Italic	null	Regulator Bold	Default
0.027285814285278	2020-04-15	20:32:13	Regulator Bold Italic	null	Regulator Bold	Default
0.027605056762695	2020-04-15	20:32:17	Regulator Bold Italic	null	Regulator Bold	Default
0.029757976531982	2020-04-15	20:32:31	Regulator Bold	Bold	Regulator Bold	Default
0.02783989906311	2020-04-15	20:32:35	Regulator Bold Italic	Bold Italic	Regulator Bold	Default
0.026212930679321	2020-04-15	20:32:47	Regulator Bold Italic	Bold Italic	Regulator Bold	Default
0.026553153991699	2020-04-15	20:33:07	Regulator Bold Italic	Bold Italic	Regulator Bold	Default
0.027403831481934	2020-04-15	20:33:28	Regulator Bold Italic	Regular	Regulator Bold	Default
0.011014938354492	2020-04-15	20:37:18	Regulator Bold Italic	Regular	Regulator Bold	Default
0.025233030319214	2020-04-15	20:44:10	Regulator Bold Italic	null	Regulator Bold	Default
0.011638879776001	2020-04-15	21:00:24	Regulatorx Bold Italic	Regular	Regulator Bold	Default
0.010097980499268	2020-04-15	21:00:39		Regular	Regulator Bold	Default
0.044219017028809	2020-04-15	21:06:56	Regulator Bold Italic	null	Regulator Bold	Default
0.025603055953979	2020-04-15	21:07:01	Regulator Bold Italic	null	Regulator Bold	Default
0.024227142333984	2020-04-15	21:09:49	Regulator Bold	Regular	Regulator Bold	Default
0.0094649791717529	2020-04-15	21:09:54	Regulator Bold	Regular	Regulator Bold	Default
0.033512115478516	2020-04-15	21:10:29	Regulator Bold Italic	null	Regulator Bold	Default
0.026179075241089	2020-04-15	21:10:38	Regulator Bold Italic	null	Regulator Bold	Default
0.025490045547485	2020-04-15	21:10:47	Regulator Bold Italic	null	Regulator Bold	Default
0.024206161499023	2020-04-15	21:12:58	Regulator Bold Italic	null	Regulator Bold	Default
0.025864124298096	2020-04-15	21:13:07	Regulator Bold Italic	null	Regulator Bold	Default
0.025363922119141	2020-04-15	21:13:11	Regulator Bold Italic	null	Regulator Bold	Default
0.023723840713501	2020-04-15	21:13:22	Regulator Bold Italic	null	Regulator Bold	Default
0.025727987289429	2020-04-15	21:13:25	Regulator Bold Italic	null	Regulator Bold	Default
0.028107166290283	2020-04-15	21:19:53	Regulator Bold Italic	null	Regulator Bold	Default
0.023682832717896	2020-04-15	21:19:56	Regulator Bold Italic	null	Regulator Bold	Default
0.025146961212158	2020-04-15	21:20:07	Regulator Bold Italic	null	Regulator Bold	Default
0.012407064437866	2020-04-15	21:42:37	Regulator Bold	Regular	Regulator Bold	Default
0.026846885681152	2020-04-15	21:50:10	Regulator Bold Italic	null	Regulator Bold	Default
0.024896860122681	2020-04-15	21:51:52	Regulator Bold Italic	null	Regulator Bold	Default
0.02723503112793	2020-04-15	21:52:35	Regulator Bold Italic	null	Regulator Bold	Default
0.018035173416138	2020-04-15	21:52:53	Regulator Bold Italic	Regular	Regulator Bold	Default
0.029572010040283	2020-04-15	21:53:18	Regulator Bold	Bold	Regulator Bold	Default
0.023880004882812	2020-04-15	21:53:18	Regulator Bold Italic	Bold Italic	Regulator Bold	Default
0.030149936676025	2020-04-15	21:53:28	Regulator Bold Italic	null	Regulator Bold	Default
0.025410890579224	2020-04-15	21:53:29	Regulator Bold Italic	undefined	Regulator Bold Italic	Default
0.023706912994385	2020-04-15	22:03:42	Regulator Bold Italic	undefined	Regulator Bold Italic	Default
0.024431943893433	2020-04-15	22:05:43	Regulator Bold Italic	undefined	Regulator Bold Italic	Default
0.029397010803223	2020-04-15	22:05:52	Regulator Bold Italic	undefined	Regulator Bold Italic 	Default
0.02513313293457	2020-04-15	22:05:55	Regulator Bold Italic	undefined	Regulator Bold Italic hello world	Default
0.029161930084229	2020-04-15	22:05:59	Regulator Bold Italic	undefined	Regulator Bold Italic	Default
0.027674913406372	2020-04-15	22:08:33	Regulator Bold Italic	undefined	Regulator Bold Italic	Default
0.025588989257812	2020-04-15	22:08:45	Regulator Bold Italic	null	Regulator Bold	Default
0.029206991195679	2020-04-15	22:09:50	Regulator Bold	null	Regulator Bold	Default
0.025776147842407	2020-04-15	22:09:54	Regulator Bold Italic	Bold Italic	Regulator Bold	Default
0.027194976806641	2020-04-15	22:09:58	Regulator Bold	Bold	Regulator Bold	Default
0.025068998336792	2020-04-15	22:10:02	Regulator Bold Italic	Bold Italic	Regulator Bold	Default
0.024614095687866	2020-04-15	22:10:05	Regulator Bold	Bold	Regulator Bold	Default
0.029443979263306	2020-04-15	22:26:36	Regulator Bold	null	Regulator Bold	Default
